#
# A fatal error has been detected by the Java Runtime Environment:
#
#  Internal Error (os_windows_x86.cpp:114), pid=10480, tid=984
#  Error: guarantee(result == -1,"Unexpected result from topLevelExceptionFilter")
#
# JRE version: 6.0_17-b04
# Java VM: Java HotSpot(TM) 64-Bit Server VM (14.3-b01 mixed mode windows-amd64 )
# If you would like to submit a bug report, please visit:
#   http://java.sun.com/webapps/bugreport/crash.jsp
# The crash happened outside the Java Virtual Machine in native code.
# See problematic frame for where to report the bug.
#

---------------  T H R E A D  ---------------

Current thread (0x00000000071d7000):  JavaThread "main" [_thread_in_native, id=984, stack(0x0000000000130000,0x0000000004130000)]

Stack: [0x0000000000130000,0x0000000004130000]
[error occurred during error reporting (printing stack bounds), id 0xc0000005]

Java frames: (J=compiled Java code, j=interpreted, Vv=VM code)
j  com.mathworks.jmi.NativeMatlab.ProcessPendingEvents()Z+0
j  com.mathworks.jmi.NativeMatlab.processPendingEvents()Z+8
j  com.mathworks.jmi.Matlab$ProcessPendingEvents.callBooleanMethod(Ljava/lang/Object;)Z+0
j  com.mathworks.util.FactoryUtils.processPendingEvents()Z+12
j  com.mathworks.mde.desk.MLDesktop.canClose()Z+84
j  com.mathworks.mde.desk.MLDesktop$2.call()Ljava/lang/Boolean;+4
j  com.mathworks.mde.desk.MLDesktop$2.call()Ljava/lang/Object;+1
j  com.mathworks.jmi.Matlab.isOkToExit()Z+54
v  ~StubRoutines::call_stub
j  com.mathworks.jmi.NativeMatlab.SendMatlabMessage(Ljava/lang/Object;)Ljava/lang/Object;+0
j  com.mathworks.jmi.NativeMatlab.sendMatlabMessage(Ljava/lang/Object;)Ljava/lang/Object;+22
j  com.mathworks.jmi.MatlabLooper.sendMatlabMessage(Lcom/mathworks/services/message/MWMessage;)Ljava/lang/Object;+20
j  com.mathworks.jmi.Matlab.mtFevalConsoleOutput(Ljava/lang/String;[Ljava/lang/Object;I)Ljava/lang/Object;+58
j  com.mathworks.mde.desk.MLDesktop$8.run()V+14
j  com.mathworks.jmi.NativeMatlab.dispatchMTRequests(Z)V+57
v  ~StubRoutines::call_stub

---------------  P R O C E S S  ---------------

Java Threads: ( => current thread )
  0x000000005b345800 JavaThread "Foxtrot Single Worker Thread #1" daemon [_thread_blocked, id=9480, stack(0x00000000189f0000,0x0000000018a70000)]
  0x000000005b47c000 JavaThread "Code Analyzer updating thread" [_thread_blocked, id=5808, stack(0x000000001bc10000,0x000000001bc90000)]
  0x000000005b47d800 JavaThread "Code Analyzer updating thread" [_thread_blocked, id=9012, stack(0x000000001aa30000,0x000000001aab0000)]
  0x000000005b479000 JavaThread "Code Analyzer updating thread" [_thread_blocked, id=11184, stack(0x0000000018b90000,0x0000000018c10000)]
  0x000000005b476800 JavaThread "Code Analyzer updating thread" [_thread_blocked, id=4288, stack(0x0000000018310000,0x0000000018390000)]
  0x000000005b47a000 JavaThread "Code Analyzer updating thread" [_thread_blocked, id=9984, stack(0x000000000fd50000,0x000000000fdd0000)]
  0x000000005b478800 JavaThread "Code Analyzer updating thread" [_thread_blocked, id=10308, stack(0x000000000fb10000,0x000000000fb90000)]
  0x000000005b47a800 JavaThread "Active Reference Queue Daemon" daemon [_thread_blocked, id=10120, stack(0x0000000016f80000,0x0000000017000000)]
  0x000000005b47b800 JavaThread "Timer-33" daemon [_thread_blocked, id=5192, stack(0x000000000fa70000,0x000000000faf0000)]
  0x000000005b475800 JavaThread "Prefs Updater" daemon [_thread_blocked, id=8296, stack(0x000000000f900000,0x000000000f980000)]
  0x000000005b472000 JavaThread "pool-6-thread-1" [_thread_blocked, id=9572, stack(0x000000000f9f0000,0x000000000fa70000)]
  0x000000005b478000 JavaThread "Swing-Shell" daemon [_thread_blocked, id=10404, stack(0x000000003da30000,0x000000003dab0000)]
  0x000000005b477000 JavaThread "Timer-6" daemon [_thread_blocked, id=8092, stack(0x0000000068c20000,0x0000000068ca0000)]
  0x000000005b475000 JavaThread "Explorer NavigationContext request queue" [_thread_blocked, id=7832, stack(0x0000000068a60000,0x0000000068ae0000)]
  0x000000005b473800 JavaThread "AddressBar directory emptiness poller" [_thread_blocked, id=9844, stack(0x0000000067950000,0x00000000679d0000)]
  0x000000005b472800 JavaThread "Explorer Refresh Service 439037176" [_thread_blocked, id=9272, stack(0x000000005cf20000,0x000000005cfa0000)]
  0x000000005b471800 JavaThread "Timer-1" daemon [_thread_blocked, id=2560, stack(0x0000000067af0000,0x0000000067b70000)]
  0x000000005b470800 JavaThread "TimerQueue" daemon [_thread_blocked, id=8684, stack(0x000000005b700000,0x000000005b780000)]
  0x000000005b470000 JavaThread "Thread-5" daemon [_thread_blocked, id=8760, stack(0x000000005c900000,0x000000005c980000)]
  0x000000005b46f000 JavaThread "FelixPackageAdmin" daemon [_thread_blocked, id=7728, stack(0x000000005b790000,0x000000005b810000)]
  0x000000005b5d1000 JavaThread "FelixStartLevel" daemon [_thread_blocked, id=10772, stack(0x000000005c9b0000,0x000000005ca30000)]
  0x000000005b1e8800 JavaThread "FelixDispatchQueue" daemon [_thread_blocked, id=10220, stack(0x000000003d5b0000,0x000000003d630000)]
  0x000000005af5e800 JavaThread "AWT-EventQueue-0" [_thread_in_Java, id=7984, stack(0x000000005b810000,0x000000005b890000)]
  0x000000005aed2000 JavaThread "com.google.common.base.internal.Finalizer" daemon [_thread_blocked, id=5164, stack(0x000000005a590000,0x000000005a610000)]
  0x000000005ad4e000 JavaThread "AWT-Windows" daemon [_thread_in_native, id=648, stack(0x0000000039500000,0x0000000039580000)]
  0x000000005ad4d800 JavaThread "AWT-Shutdown" [_thread_blocked, id=6520, stack(0x00000000313d0000,0x0000000031450000)]
  0x0000000059555800 JavaThread "Java2D Disposer" daemon [_thread_blocked, id=1412, stack(0x000000002d2b0000,0x000000002d330000)]
  0x000000005aae2800 JavaThread "Timer-0" [_thread_blocked, id=9336, stack(0x0000000019060000,0x00000000190e0000)]
  0x000000005a7df800 JavaThread "EventMgr Dispatcher" daemon [_thread_in_native, id=4996, stack(0x0000000009c90000,0x000000000dc90000)]
  0x0000000059637000 JavaThread "Low Memory Detector" daemon [_thread_blocked, id=10528, stack(0x0000000021170000,0x00000000211f0000)]
  0x0000000059631800 JavaThread "CompilerThread1" daemon [_thread_blocked, id=772, stack(0x00000000acc70000,0x00000000b0c70000)]
  0x0000000059629000 JavaThread "CompilerThread0" daemon [_thread_blocked, id=4848, stack(0x00000000a8a90000,0x00000000aca90000)]
  0x000000005955f000 JavaThread "Attach Listener" daemon [_thread_blocked, id=10508, stack(0x0000000010f40000,0x0000000010fc0000)]
  0x000000005954a800 JavaThread "Finalizer" daemon [_thread_blocked, id=6996, stack(0x000000000ff30000,0x000000000ffb0000)]
  0x0000000059541800 JavaThread "Reference Handler" daemon [_thread_blocked, id=8380, stack(0x0000000010ec0000,0x0000000010f40000)]
=>0x00000000071d7000 JavaThread "main" [_thread_in_native, id=984, stack(0x0000000000130000,0x0000000004130000)]

Other Threads:
  0x00000000595e2000 VMThread [stack: 0x00000000a4910000,0x00000000a8910000] [id=10992]
  0x0000000059660800 WatcherThread [stack: 0x00000000b0d70000,0x00000000b4d70000] [id=6040]

VM state:not at safepoint (normal execution)

VM Mutex/Monitor currently owned by a thread: None

Heap
 PSYoungGen      total 25792K, used 13703K [0x0000000056260000, 0x0000000058290000, 0x0000000059360000)
  eden space 21760K, 54% used [0x0000000056260000,0x0000000056e0a8d8,0x00000000577a0000)
  from space 4032K, 43% used [0x00000000577a0000,0x00000000579575b8,0x0000000057b90000)
  to   space 3840K, 0% used [0x0000000057ed0000,0x0000000057ed0000,0x0000000058290000)
 PSOldGen        total 150528K, used 93562K [0x000000004cf60000, 0x0000000056260000, 0x0000000056260000)
  object space 150528K, 62% used [0x000000004cf60000,0x0000000052abe9a8,0x0000000056260000)
 PSPermGen       total 121344K, used 72311K [0x0000000044f60000, 0x000000004c5e0000, 0x000000004cf60000)
  object space 121344K, 59% used [0x0000000044f60000,0x00000000495fdd50,0x000000004c5e0000)

Dynamic libraries:
0x000000013f060000 - 0x000000013f08d000 	C:\Program Files\MATLAB\R2012b\bin\win64\MATLAB.exe
0x00000000777d0000 - 0x0000000077979000 	C:\Windows\SYSTEM32\ntdll.dll
0x00000000775b0000 - 0x00000000776cf000 	C:\Windows\system32\kernel32.dll
0x000007fefd650000 - 0x000007fefd6bb000 	C:\Windows\system32\KERNELBASE.dll
0x0000000074460000 - 0x000000007451f000 	C:\Program Files\MATLAB\R2012b\bin\win64\libut.dll
0x00000000758a0000 - 0x000000007595c000 	C:\Program Files\MATLAB\R2012b\bin\win64\libmwi18n.dll
0x0000000180000000 - 0x000000018000b000 	C:\Program Files\MATLAB\R2012b\bin\win64\libmwresource_core.dll
0x000000005a640000 - 0x000000005a713000 	C:\Windows\WinSxS\amd64_microsoft.vc90.crt_1fc8b3b9a1e18e3b_9.0.30729.6161_none_08e61857a83bc251\MSVCP90.dll
0x0000000067e10000 - 0x0000000067eb3000 	C:\Windows\WinSxS\amd64_microsoft.vc90.crt_1fc8b3b9a1e18e3b_9.0.30729.6161_none_08e61857a83bc251\MSVCR90.dll
0x000000007a170000 - 0x000000007a19c000 	C:\Program Files\MATLAB\R2012b\bin\win64\boost_filesystem-vc90-mt-1_44.dll
0x000000007a560000 - 0x000000007a569000 	C:\Program Files\MATLAB\R2012b\bin\win64\boost_system-vc90-mt-1_44.dll
0x000007fefebd0000 - 0x000007fefecab000 	C:\Windows\system32\ADVAPI32.dll
0x000007fefe2f0000 - 0x000007fefe38f000 	C:\Windows\system32\msvcrt.dll
0x000007feffac0000 - 0x000007feffadf000 	C:\Windows\SYSTEM32\sechost.dll
0x000007fefe1c0000 - 0x000007fefe2ed000 	C:\Windows\system32\RPCRT4.dll
0x000000007a010000 - 0x000000007a035000 	C:\Program Files\MATLAB\R2012b\bin\win64\LIBEXPAT.dll
0x0000000072ad0000 - 0x0000000072cc1000 	C:\Program Files\MATLAB\R2012b\bin\win64\icuin44.dll
0x00000000739b0000 - 0x0000000073b21000 	C:\Program Files\MATLAB\R2012b\bin\win64\icuuc44.dll
0x0000000010000000 - 0x0000000010e41000 	C:\Program Files\MATLAB\R2012b\bin\win64\icudt44.dll
0x0000000073f70000 - 0x000000007411d000 	C:\Program Files\MATLAB\R2012b\bin\win64\libmwfl.dll
0x0000000004320000 - 0x00000000046d6000 	C:\Program Files\MATLAB\R2012b\bin\win64\libmwMATLAB_res.dll
0x000000007a3b0000 - 0x000000007a3c0000 	C:\Program Files\MATLAB\R2012b\bin\win64\boost_date_time-vc90-mt-1_44.dll
0x000000007a250000 - 0x000000007a263000 	C:\Program Files\MATLAB\R2012b\bin\win64\boost_signals-vc90-mt-1_44.dll
0x000000007a2d0000 - 0x000000007a2e2000 	C:\Program Files\MATLAB\R2012b\bin\win64\boost_thread-vc90-mt-1_44.dll
0x00000000046e0000 - 0x000000000479d000 	C:\Program Files\MATLAB\R2012b\bin\win64\boost_log-vc90-mt-1_44.dll
0x0000000077990000 - 0x0000000077997000 	C:\Windows\system32\PSAPI.DLL
0x000007fefdc20000 - 0x000007fefdc6d000 	C:\Windows\system32\WS2_32.dll
0x000007fefe0b0000 - 0x000007fefe0b8000 	C:\Windows\system32\NSI.dll
0x00000000041b0000 - 0x00000000041f6000 	C:\Program Files\MATLAB\R2012b\bin\win64\tbb.dll
0x000007fefe090000 - 0x000007fefe0a9000 	C:\Windows\system32\imagehlp.dll
0x000000006a140000 - 0x000000006a153000 	C:\Program Files\MATLAB\R2012b\bin\win64\icuio44.dll
0x000007fefad20000 - 0x000007fefae45000 	C:\Windows\system32\dbghelp.dll
0x00000000776d0000 - 0x00000000777ca000 	C:\Windows\system32\USER32.dll
0x000007fefeb60000 - 0x000007fefebc7000 	C:\Windows\system32\GDI32.dll
0x000007fefe840000 - 0x000007fefe84e000 	C:\Windows\system32\LPK.dll
0x000007fefdb50000 - 0x000007fefdc19000 	C:\Windows\system32\USP10.dll
0x00000000047a0000 - 0x0000000004a7c000 	C:\Program Files\MATLAB\R2012b\bin\win64\libmwservices.dll
0x0000000075a20000 - 0x0000000075af3000 	C:\Program Files\MATLAB\R2012b\bin\win64\libmx.dll
0x0000000004aa0000 - 0x0000000004ac9000 	C:\Program Files\MATLAB\R2012b\bin\win64\tbbmalloc.dll
0x000000007a210000 - 0x000000007a228000 	C:\Program Files\MATLAB\R2012b\bin\win64\zlib1.dll
0x0000000004af0000 - 0x0000000004b3d000 	C:\Program Files\MATLAB\R2012b\bin\win64\libmwregexp.dll
0x0000000004b50000 - 0x0000000004b73000 	C:\Program Files\MATLAB\R2012b\bin\win64\libmwmfl_scalar.dll
0x0000000075f10000 - 0x0000000075f60000 	C:\Program Files\MATLAB\R2012b\bin\win64\mpath.dll
0x000000007b680000 - 0x000000007bc9a000 	C:\Program Files\MATLAB\R2012b\bin\win64\mlutil.dll
0x00000000754d0000 - 0x0000000075551000 	C:\Program Files\MATLAB\R2012b\bin\win64\xmlcore.dll
0x0000000004bc0000 - 0x0000000004e13000 	C:\Program Files\MATLAB\R2012b\bin\win64\xerces-c_2_7.dll
0x0000000004e30000 - 0x0000000004e50000 	C:\Program Files\MATLAB\R2012b\bin\win64\libmwMATLAB_settings_res.dll
0x0000000004e60000 - 0x0000000004e70000 	C:\Program Files\MATLAB\R2012b\bin\win64\boost_iostreams-vc90-mt-1_44.dll
0x0000000004e80000 - 0x0000000004ec7000 	C:\Program Files\MATLAB\R2012b\bin\win64\boost_serialization-vc90-mt-1_44.dll
0x000007fefecb0000 - 0x000007feffa3a000 	C:\Windows\system32\SHELL32.dll
0x000007feffa40000 - 0x000007feffab1000 	C:\Windows\system32\SHLWAPI.dll
0x000007fef5310000 - 0x000007fef53b0000 	C:\Windows\WinSxS\amd64_microsoft.windows.common-controls_6595b64144ccf1df_5.82.7601.18837_none_a4d981ff711297b6\COMCTL32.dll
0x000007fefe930000 - 0x000007fefe9c7000 	C:\Windows\system32\COMDLG32.dll
0x000007fefb490000 - 0x000007fefb4a6000 	C:\Windows\system32\NETAPI32.dll
0x000007fefcd10000 - 0x000007fefcd1c000 	C:\Windows\system32\netutils.dll
0x000007fefd2a0000 - 0x000007fefd2c3000 	C:\Windows\system32\srvcli.dll
0x000007fefb470000 - 0x000007fefb485000 	C:\Windows\system32\wkscli.dll
0x000007fefd940000 - 0x000007fefdb43000 	C:\Windows\system32\ole32.dll
0x000007fefe850000 - 0x000007fefe927000 	C:\Windows\system32\OLEAUT32.dll
0x0000000074970000 - 0x0000000074a31000 	C:\Program Files\MATLAB\R2012b\bin\win64\mcr.dll
0x0000000075000000 - 0x00000000753e9000 	C:\Program Files\MATLAB\R2012b\bin\win64\iqm.dll
0x0000000074e80000 - 0x0000000074f38000 	C:\Program Files\MATLAB\R2012b\bin\win64\m_dispatcher.dll
0x0000000074880000 - 0x000000007496d000 	C:\Program Files\MATLAB\R2012b\bin\win64\boost_regex-vc90-mt-1_44.dll
0x000007fed5030000 - 0x000007fed58a1000 	C:\Program Files\MATLAB\R2012b\bin\win64\m_interpreter.dll
0x0000000069e50000 - 0x0000000069e77000 	C:\Program Files\MATLAB\R2012b\bin\win64\libmex.dll
0x0000000069950000 - 0x00000000699d4000 	C:\Program Files\MATLAB\R2012b\bin\win64\profiler.dll
0x0000000004f50000 - 0x00000000051ba000 	C:\Program Files\MATLAB\R2012b\bin\win64\libmwmathutil.dll
0x0000000079f40000 - 0x0000000079f6e000 	C:\Program Files\MATLAB\R2012b\bin\win64\libmwmathrng.dll
0x00000000051e0000 - 0x00000000051f2000 	C:\Program Files\MATLAB\R2012b\bin\win64\libmwmfl_rng.dll
0x0000000074c10000 - 0x0000000074cee000 	C:\Program Files\MATLAB\R2012b\bin\win64\libmwmathcore.dll
0x0000000076160000 - 0x00000000761ca000 	C:\Program Files\MATLAB\R2012b\bin\win64\libmwspmatrix.dll
0x0000000075ea0000 - 0x0000000075f02000 	C:\Program Files\MATLAB\R2012b\bin\win64\libmwcholmod.dll
0x000000007a460000 - 0x000000007a46d000 	C:\Program Files\MATLAB\R2012b\bin\win64\libmwamd.dll
0x000000007a4b0000 - 0x000000007a4bc000 	C:\Program Files\MATLAB\R2012b\bin\win64\libmwcolamd.dll
0x000000007a290000 - 0x000000007a2a9000 	C:\Program Files\MATLAB\R2012b\bin\win64\libmwblas.dll
0x000000007a310000 - 0x000000007a321000 	C:\Program Files\MATLAB\R2012b\bin\win64\libmwbinder.dll
0x000000007a4d0000 - 0x000000007a4dc000 	C:\Program Files\MATLAB\R2012b\bin\win64\libmwompwrapper.dll
0x0000000005290000 - 0x0000000005315000 	C:\Program Files\MATLAB\R2012b\bin\win64\libmwlapack.dll
0x0000000069e20000 - 0x0000000069e41000 	C:\Program Files\MATLAB\R2012b\bin\win64\m_pcodeio.dll
0x0000000079b10000 - 0x0000000079b77000 	C:\Program Files\MATLAB\R2012b\bin\win64\m_ir.dll
0x0000000078260000 - 0x00000000788d0000 	C:\Program Files\MATLAB\R2012b\bin\win64\m_parser.dll
0x0000000069930000 - 0x000000006994a000 	C:\Program Files\MATLAB\R2012b\bin\win64\ir_xfmr.dll
0x000007fed5d90000 - 0x000007fed6026000 	C:\Program Files\MATLAB\R2012b\bin\win64\mcos.dll
0x0000000069910000 - 0x0000000069921000 	C:\Program Files\MATLAB\R2012b\bin\win64\mtok.dll
0x0000000068360000 - 0x0000000068391000 	C:\Program Files\MATLAB\R2012b\bin\win64\m_pcodegen.dll
0x0000000079fb0000 - 0x0000000079fe6000 	C:\Program Files\MATLAB\R2012b\bin\win64\libmwbridge.dll
0x00000000053b0000 - 0x0000000005478000 	C:\Program Files\MATLAB\R2012b\bin\win64\udd.dll
0x0000000073070000 - 0x00000000731c2000 	C:\Program Files\MATLAB\R2012b\bin\win64\libmwgui.dll
0x0000000068b40000 - 0x0000000068b57000 	C:\Program Files\MATLAB\R2012b\bin\win64\graphics_util.dll
0x00000000054b0000 - 0x0000000005f0f000 	C:\Program Files\MATLAB\R2012b\bin\win64\hg.dll
0x0000000005f20000 - 0x0000000005f88000 	C:\Program Files\MATLAB\R2012b\bin\win64\libmat.dll
0x0000000072d30000 - 0x0000000072f44000 	C:\Program Files\MATLAB\R2012b\bin\win64\hdf5dll.dll
0x0000000075710000 - 0x00000000757de000 	C:\Program Files\MATLAB\R2012b\bin\win64\jmi.dll
0x0000000005fc0000 - 0x0000000005fcd000 	C:\Program Files\MATLAB\R2012b\bin\win64\nativejava_services.dll
0x0000000075480000 - 0x00000000754c6000 	C:\Program Files\MATLAB\R2012b\bin\win64\libmwhardcopy.dll
0x0000000005ff0000 - 0x0000000006053000 	C:\Program Files\MATLAB\R2012b\bin\win64\libuij.dll
0x0000000006070000 - 0x00000000062d4000 	C:\Program Files\MATLAB\R2012b\bin\win64\hgdatatypes.dll
0x00000000742d0000 - 0x00000000743ef000 	C:\Program Files\MATLAB\R2012b\bin\win64\hgutils.dll
0x0000000006300000 - 0x00000000063c0000 	C:\Program Files\MATLAB\R2012b\bin\win64\udd_mi.dll
0x00000000063d0000 - 0x000000000640b000 	C:\Program Files\MATLAB\R2012b\bin\win64\libmwgbtutils.dll
0x0000000006420000 - 0x000000000643b000 	C:\Program Files\MATLAB\R2012b\bin\win64\libmwgbt.dll
0x0000000006450000 - 0x0000000006721000 	C:\Program Files\MATLAB\R2012b\bin\win64\uiw.dll
0x000000006a130000 - 0x000000006a13f000 	C:\Program Files\MATLAB\R2012b\bin\win64\uinone.dll
0x0000000006750000 - 0x0000000006779000 	C:\Program Files\MATLAB\R2012b\bin\win64\libmwnativefiledialogs.dll
0x0000000006790000 - 0x0000000006798000 	C:\Program Files\MATLAB\R2012b\bin\win64\libmwplatform_res.dll
0x000007fefa720000 - 0x000007fefa738000 	C:\Windows\system32\MPR.dll
0x00000000067b0000 - 0x0000000006c94000 	C:\Windows\WinSxS\amd64_microsoft.vc90.mfc_1fc8b3b9a1e18e3b_9.0.30729.6161_none_044aad0bab1eb146\mfc90.dll
0x000007fefaa70000 - 0x000007fefaa77000 	C:\Windows\system32\MSIMG32.dll
0x000007fef2640000 - 0x000007fef26b1000 	C:\Windows\system32\WINSPOOL.DRV
0x0000000079c60000 - 0x0000000079c82000 	C:\Program Files\MATLAB\R2012b\bin\win64\mwoles05.DLL
0x0000000074cf0000 - 0x0000000074d6d000 	C:\Program Files\MATLAB\R2012b\bin\win64\comcli.dll
0x000000005cfc0000 - 0x000000005cfef000 	C:\Windows\WinSxS\amd64_microsoft.vc90.atl_1fc8b3b9a1e18e3b_9.0.30729.6161_none_0a1fd3a3a768b895\ATL90.DLL
0x0000000069e10000 - 0x0000000069e1c000 	C:\Program Files\MATLAB\R2012b\bin\win64\mlautoregister.dll
0x000007fefd470000 - 0x000007fefd4c7000 	C:\Windows\system32\apphelp.dll
0x000007fefa820000 - 0x000007fefa871000 	C:\Windows\AppPatch\AppPatch64\AcGenral.DLL
0x000007fefd390000 - 0x000007fefd3b5000 	C:\Windows\system32\SspiCli.dll
0x0000000069d50000 - 0x0000000069d53000 	C:\Windows\system32\sfc.dll
0x000007fef8720000 - 0x000007fef8730000 	C:\Windows\system32\sfc_os.DLL
0x000007fefd910000 - 0x000007fefd92e000 	C:\Windows\system32\USERENV.dll
0x000007fefd580000 - 0x000007fefd58f000 	C:\Windows\system32\profapi.dll
0x000007fefb780000 - 0x000007fefb798000 	C:\Windows\system32\dwmapi.dll
0x000007fefded0000 - 0x000007fefdefe000 	C:\Windows\system32\IMM32.DLL
0x000007fefea50000 - 0x000007fefeb59000 	C:\Windows\system32\MSCTF.dll
0x000007fefbde0000 - 0x000007fefbe36000 	C:\Windows\system32\UxTheme.dll
0x0000000068350000 - 0x000000006835d000 	C:\Windows\WinSxS\amd64_microsoft.vc90.mfcloc_1fc8b3b9a1e18e3b_9.0.30729.6161_none_01c9581e60cbee58\MFC90ENU.DLL
0x00000000070e0000 - 0x00000000070ef000 	C:\Program Files\MATLAB\R2012b\bin\win64\xmlxrcsc.dll
0x000007fefd3c0000 - 0x000007fefd3cf000 	C:\Windows\system32\CRYPTBASE.dll
0x000007fefbf40000 - 0x000007fefc134000 	C:\Windows\WinSxS\amd64_microsoft.windows.common-controls_6595b64144ccf1df_6.0.7601.18837_none_fa3b1e3d17594757\comctl32.dll

VM Arguments:
jvm_args: -Xss512k -XX:PermSize=32m -Xms64m -XX:NewRatio=3 -XX:MaxPermSize=128m -Xmx196m -XX:MaxDirectMemorySize=2147400000 -Dsun.java2d.noddraw=true -Dsun.awt.nopixfmt=true -Xshare:off -Xrs -Dsun.awt.disableMixing=true -Djava.library.path=C:\Program Files\MATLAB\R2012b\bin\win64;C:\Program Files\MATLAB\R2012b\sys\jxbrowser\win64\lib vfprintf abort 
java_command: <unknown>
Launcher Type: generic

Environment Variables:
CLASSPATH=G:\Programs\libsvm-3.18\java
PATH=C:\ProgramData\Oracle\Java\javapath;C:\Program Files\ImageMagick-6.9.1-Q16;C:\Program Files\Microsoft HPC Pack 2008 R2\Bin\;C:\Program Files\NVIDIA GPU Computing Toolkit\CUDA\v5.5\bin;C:\Program Files\NVIDIA GPU Computing Toolkit\CUDA\v5.5\libnvvp;C:\Windows\system32;C:\Windows;C:\Windows\System32\Wbem;C:\Windows\System32\WindowsPowerShell\v1.0\;C:\Program Files\MATLAB\MATLAB Compiler Runtime\v716\runtime\win64;C:\Program Files\Common Files\Autodesk Shared\;C:\Program Files (x86)\Autodesk\Backburner\;C:\Program Files (x86)\Microsoft SQL Server\90\Tools\binn\;C:\Qt\4.8.5\bin;C:\Program Files\MATLAB\R2012b\runtime\win64;C:\Program Files\MATLAB\R2012b\bin;C:\strawberry\c\bin;C:\strawberry\perl\site\bin;C:\strawberry\perl\bin;C:\OpenCV2.2\bin;C:\OpenCV2.2\common\tbb\intel64\vc10;C:\Program Files\MiKTeX 2.9\miktex\bin\x64\;C:\Program Files (x86)\PharosSystems\Core;C:\Program Files\TortoiseSVN\bin;C:\Program Files (x86)\WinSCP\;C:\Program Files (x86)\Skype\Phone\;C:\Program Files\Microsoft SQL Server\110\Tools\Binn\;C:\Users\affarala\AppData\Local\Continuum\Anaconda;C:\Users\affarala\AppData\Local\Continuum\Anaconda\Scripts;C:\Program Files\MATLAB\MATLAB Compiler Runtime\v716;C:\Python27;C:\Python27\Tools\Scripts;C:\opencv\build\x64\vc11\bin;C:\Users\affarala\AppData\Local\Continuum\Anaconda;C:\Users\affarala\AppData\Local\Continuum\Anaconda\Scripts;C:\Program Files\MATLAB\MATLAB Compiler Runtime\v716;C:\Python27;C:\Python27\Tools\Scripts;C:\opencv\build\x64\vc11\bin;C:\Program Files (x86)\CMake\bin;C:\Users\affarala\AppData\Local\Continuum\Anaconda;C:\Users\affarala\AppData\Local\Continuum\Anaconda\Scripts;C:\Program Files\MATLAB\MATLAB Compiler Runtime\v716;C:\Python27;C:\Python27\Tools\Scripts;C:\opencv\build\x64\vc11\bin;C:\Program Files (x86)\CMake\bin;
USERNAME=affarala
OS=Windows_NT
PROCESSOR_IDENTIFIER=Intel64 Family 6 Model 45 Stepping 7, GenuineIntel



---------------  S Y S T E M  ---------------

OS: Windows 7 Build 7601 Service Pack 1

CPU:total 16 (16 cores per cpu, 2 threads per core) family 6 model 45 stepping 7, cmov, cx8, fxsr, mmx, sse, sse2, sse3, ssse3, sse4.1, sse4.2, ht

Memory: 4k page, physical 67032804k(57975932k free), swap 134063752k(124654088k free)

vm_info: Java HotSpot(TM) 64-Bit Server VM (14.3-b01) for windows-amd64 JRE (1.6.0_17-b04), built on Oct 11 2009 00:46:08 by "java_re" with MS VC++ 8.0

time: Mon Aug 31 17:48:24 2015
elapsed time: 2966 seconds

